<?xml version="1.0" encoding="UTF-8"?>
<!-- Generated by org.testng.reporters.JUnitReportReporter -->
<testsuite skipped="0" hostname="DESKTOP-J0DQ7VP" name="com.Assignment.Delete" tests="2" failures="0" timestamp="2022-07-27T15:05:10 IST" time="30.285" errors="0">
  <testcase name="url" time="19.436" classname="com.Assignment.Delete"/>
  <system-out/>
  <testcase name="Browser" time="10.849" classname="com.Assignment.Delete"/>
  <system-out/>
</testsuite> <!-- com.Assignment.Delete -->
